0 info it worked if it ends with ok
1 verbose cli [ 'C:\\DEV_TOOLS\\nodejs\\node.exe',
1 verbose cli   'C:\\DEV_TOOLS\\nodejs\\node_modules\\npm\\bin\\npm-cli.js',
1 verbose cli   'start' ]
2 info using npm@4.0.5
3 info using node@v7.4.0
4 verbose run-script [ 'prestart', 'start', 'poststart' ]
5 info lifecycle ng2-fundamentals-demo@1.0.0~prestart: ng2-fundamentals-demo@1.0.0
6 silly lifecycle ng2-fundamentals-demo@1.0.0~prestart: no script for prestart, continuing
7 info lifecycle ng2-fundamentals-demo@1.0.0~start: ng2-fundamentals-demo@1.0.0
8 verbose lifecycle ng2-fundamentals-demo@1.0.0~start: unsafe-perm in lifecycle true
9 verbose lifecycle ng2-fundamentals-demo@1.0.0~start: PATH: C:\DEV_TOOLS\nodejs\node_modules\npm\bin\node-gyp-bin;C:\REPOS\ANGULAR2\ng2-fundamentals\node_modules\.bin;C:\DEV_TOOLS\cmder\bin;C:\DEV_TOOLS\cmder\vendor\conemu-maximus5\ConEmu\Scripts;C:\DEV_TOOLS\cmder\vendor\conemu-maximus5;C:\DEV_TOOLS\cmder\vendor\conemu-maximus5\ConEmu;C:\ProgramData\Oracle\Java\javapath;C:\Program Files (x86)\Intel\iCLS Client\;C:\Program Files\Intel\iCLS Client\;C:\Windows\system32;C:\Windows;C:\Windows\System32\Wbem;C:\Windows\System32\WindowsPowerShell\v1.0\;C:\Program Files\Intel\Intel(R) Management Engine Components\DAL;C:\Program Files\Intel\Intel(R) Management Engine Components\IPT;C:\Program Files (x86)\Intel\Intel(R) Management Engine Components\DAL;C:\Program Files (x86)\Intel\Intel(R) Management Engine Components\IPT;C:\Program Files\Intel\WiFi\bin\;C:\Program Files\Common Files\Intel\WirelessCommon\;C:\Program Files (x86)\NVIDIA Corporation\PhysX\Common;C:\DEV_TOOLS\Git\cmd;C:\Program Files (x86)\Java\jdk1.8.0_121\bin;C:\DEV_TOOLS\apache-maven-3.3.9-bin\apache-maven-3.3.9\bin;C:\DEV_TOOLS\nodejs\;C:\Program Files\MySQL\MySQL Utilities 1.6\;C:\DEV_TOOLS\git_extensions\;C:\Program Files (x86)\Skype\Phone\;C:\Program Files\Microsoft SQL Server\130\Tools\Binn\;C:\Program Files\dotnet\;C:\Program Files\Intel\WiFi\bin\;C:\Program Files\Common Files\Intel\WirelessCommon\;C:\DEV_TOOLS\Microsoft VS Code\bin;C:\Users\Coffee13\AppData\Roaming\npm;C:\DEV_TOOLS\Git\usr\bin;C:\DEV_TOOLS\Git\usr\share\vim\vim74;C:\DEV_TOOLS\cmder\
10 verbose lifecycle ng2-fundamentals-demo@1.0.0~start: CWD: C:\REPOS\ANGULAR2\ng2-fundamentals
11 silly lifecycle ng2-fundamentals-demo@1.0.0~start: Args: [ '/d /s /c',
11 silly lifecycle   'tsc && concurrently "npm run tsc:w" "npm run server" ' ]
12 silly lifecycle ng2-fundamentals-demo@1.0.0~start: Returned: code: 3221225786  signal: null
13 info lifecycle ng2-fundamentals-demo@1.0.0~start: Failed to exec start script
14 verbose stack Error: ng2-fundamentals-demo@1.0.0 start: `tsc && concurrently "npm run tsc:w" "npm run server" `
14 verbose stack Exit status 3221225786
14 verbose stack     at EventEmitter.<anonymous> (C:\DEV_TOOLS\nodejs\node_modules\npm\lib\utils\lifecycle.js:279:16)
14 verbose stack     at emitTwo (events.js:106:13)
14 verbose stack     at EventEmitter.emit (events.js:191:7)
14 verbose stack     at ChildProcess.<anonymous> (C:\DEV_TOOLS\nodejs\node_modules\npm\lib\utils\spawn.js:40:14)
14 verbose stack     at emitTwo (events.js:106:13)
14 verbose stack     at ChildProcess.emit (events.js:191:7)
14 verbose stack     at maybeClose (internal/child_process.js:885:16)
14 verbose stack     at Process.ChildProcess._handle.onexit (internal/child_process.js:226:5)
15 verbose pkgid ng2-fundamentals-demo@1.0.0
16 verbose cwd C:\REPOS\ANGULAR2\ng2-fundamentals
17 error Windows_NT 6.1.7601
18 error argv "C:\\DEV_TOOLS\\nodejs\\node.exe" "C:\\DEV_TOOLS\\nodejs\\node_modules\\npm\\bin\\npm-cli.js" "start"
19 error node v7.4.0
20 error npm  v4.0.5
21 error code ELIFECYCLE
22 error ng2-fundamentals-demo@1.0.0 start: `tsc && concurrently "npm run tsc:w" "npm run server" `
22 error Exit status 3221225786
23 error Failed at the ng2-fundamentals-demo@1.0.0 start script 'tsc && concurrently "npm run tsc:w" "npm run server" '.
23 error Make sure you have the latest version of node.js and npm installed.
23 error If you do, this is most likely a problem with the ng2-fundamentals-demo package,
23 error not with npm itself.
23 error Tell the author that this fails on your system:
23 error     tsc && concurrently "npm run tsc:w" "npm run server"
23 error You can get information on how to open an issue for this project with:
23 error     npm bugs ng2-fundamentals-demo
23 error Or if that isn't available, you can get their info via:
23 error     npm owner ls ng2-fundamentals-demo
23 error There is likely additional logging output above.
24 verbose exit [ 1, true ]
